[     275ms] [INFO] %cDownload the React DevTools for a better development experience: https://reactjs.org/link/react-devtools font-weight:bold @ http://localhost:1420/node_modules/.vite/deps/chunk-HBJ3AJOL.js?v=a3fda5b5:21608
[  467840ms] [ERROR] Warning: The result of getSnapshot should be cached to avoid an infinite loop%s 
    at MetadataPanel (http://localhost:1420/src/components/document/MetadataPanel.tsx:87:26)
    at div
    at div
    at div
    at DocumentViewer (http://localhost:1420/src/components/document/DocumentViewer.tsx:70:29)
    at DocumentsView (http://localhost:1420/src/components/document/DocumentsView.tsx:23:28)
    at main
    at MainPanel (http://localhost:1420/src/components/layout/MainPanel.tsx:62:22)
    at div
    at AppLayout (http://localhost:1420/src/components/layout/AppLayout.tsx:25:23)
    at Provider (http://localhost:1420/node_modules/.vite/deps/chunk-HSL7XHFN.js?v=a3fda5b5:25:15)
    at TooltipProvider (http://localhost:1420/node_modules/.vite/deps/@radix-ui_react-tooltip.js?v=70d9bd6b:52:5)
    at App (http://localhost:1420/src/App.tsx:24:24) @ http://localhost:1420/node_modules/.vite/deps/chunk-HBJ3AJOL.js?v=a3fda5b5:520
[  467877ms] Error: Maximum update depth exceeded. This can happen when a component repeatedly calls setState inside componentWillUpdate or componentDidUpdate. React limits the number of nested updates to prevent infinite loops.
    at checkForNestedUpdates (http://localhost:1420/node_modules/.vite/deps/chunk-HBJ3AJOL.js?v=a3fda5b5:19712:19)
    at scheduleUpdateOnFiber (http://localhost:1420/node_modules/.vite/deps/chunk-HBJ3AJOL.js?v=a3fda5b5:18583:11)
    at forceStoreRerender (http://localhost:1420/node_modules/.vite/deps/chunk-HBJ3AJOL.js?v=a3fda5b5:12047:13)
    at updateStoreInstance (http://localhost:1420/node_modules/.vite/deps/chunk-HBJ3AJOL.js?v=a3fda5b5:12023:13)
    at commitHookEffectListMount (http://localhost:1420/node_modules/.vite/deps/chunk-HBJ3AJOL.js?v=a3fda5b5:16963:34)
    at commitPassiveMountOnFiber (http://localhost:1420/node_modules/.vite/deps/chunk-HBJ3AJOL.js?v=a3fda5b5:18206:19)
    at commitPassiveMountEffects_complete (http://localhost:1420/node_modules/.vite/deps/chunk-HBJ3AJOL.js?v=a3fda5b5:18179:17)
    at commitPassiveMountEffects_begin (http://localhost:1420/node_modules/.vite/deps/chunk-HBJ3AJOL.js?v=a3fda5b5:18169:15)
    at commitPassiveMountEffects (http://localhost:1420/node_modules/.vite/deps/chunk-HBJ3AJOL.js?v=a3fda5b5:18159:11)
    at flushPassiveEffectsImpl (http://localhost:1420/node_modules/.vite/deps/chunk-HBJ3AJOL.js?v=a3fda5b5:19543:11)
[  467877ms] [ERROR] The above error occurred in the <MetadataPanel> component:

    at MetadataPanel (http://localhost:1420/src/components/document/MetadataPanel.tsx:87:26)
    at div
    at div
    at div
    at DocumentViewer (http://localhost:1420/src/components/document/DocumentViewer.tsx:70:29)
    at DocumentsView (http://localhost:1420/src/components/document/DocumentsView.tsx:23:28)
    at main
    at MainPanel (http://localhost:1420/src/components/layout/MainPanel.tsx:62:22)
    at div
    at AppLayout (http://localhost:1420/src/components/layout/AppLayout.tsx:25:23)
    at Provider (http://localhost:1420/node_modules/.vite/deps/chunk-HSL7XHFN.js?v=a3fda5b5:25:15)
    at TooltipProvider (http://localhost:1420/node_modules/.vite/deps/@radix-ui_react-tooltip.js?v=70d9bd6b:52:5)
    at App (http://localhost:1420/src/App.tsx:24:24)

Consider adding an error boundary to your tree to customize error handling behavior.
Visit https://reactjs.org/link/error-boundaries to learn more about error boundaries. @ http://localhost:1420/node_modules/.vite/deps/chunk-HBJ3AJOL.js?v=a3fda5b5:14079
[  467878ms] Error: Maximum update depth exceeded. This can happen when a component repeatedly calls setState inside componentWillUpdate or componentDidUpdate. React limits the number of nested updates to prevent infinite loops.
    at checkForNestedUpdates (http://localhost:1420/node_modules/.vite/deps/chunk-HBJ3AJOL.js?v=a3fda5b5:19712:19)
    at scheduleUpdateOnFiber (http://localhost:1420/node_modules/.vite/deps/chunk-HBJ3AJOL.js?v=a3fda5b5:18583:11)
    at forceStoreRerender (http://localhost:1420/node_modules/.vite/deps/chunk-HBJ3AJOL.js?v=a3fda5b5:12047:13)
    at updateStoreInstance (http://localhost:1420/node_modules/.vite/deps/chunk-HBJ3AJOL.js?v=a3fda5b5:12023:13)
    at commitHookEffectListMount (http://localhost:1420/node_modules/.vite/deps/chunk-HBJ3AJOL.js?v=a3fda5b5:16963:34)
    at commitPassiveMountOnFiber (http://localhost:1420/node_modules/.vite/deps/chunk-HBJ3AJOL.js?v=a3fda5b5:18206:19)
    at commitPassiveMountEffects_complete (http://localhost:1420/node_modules/.vite/deps/chunk-HBJ3AJOL.js?v=a3fda5b5:18179:17)
    at commitPassiveMountEffects_begin (http://localhost:1420/node_modules/.vite/deps/chunk-HBJ3AJOL.js?v=a3fda5b5:18169:15)
    at commitPassiveMountEffects (http://localhost:1420/node_modules/.vite/deps/chunk-HBJ3AJOL.js?v=a3fda5b5:18159:11)
    at flushPassiveEffectsImpl (http://localhost:1420/node_modules/.vite/deps/chunk-HBJ3AJOL.js?v=a3fda5b5:19543:11)
[  467894ms] [LOG] [mock invoke] plugin:shell|execute {program: git, args: Array(3), options: Object} @ :64
[  467896ms] [LOG] [mock invoke] plugin:fs|watch {paths: Array(1), options: Object, onEvent: Channel} @ :64
[  627272ms] [LOG] [mock invoke] plugin:resources|close {rid: null} @ :64
[  627279ms] [LOG] [mock invoke] plugin:shell|execute {program: git, args: Array(3), options: Object} @ :64
[  627280ms] [LOG] [mock invoke] plugin:shell|execute {program: git, args: Array(3), options: Object} @ :64
[  627281ms] [LOG] [mock invoke] plugin:fs|watch {paths: Array(1), options: Object, onEvent: Channel} @ :64
[  627281ms] [LOG] [mock invoke] plugin:fs|watch {paths: Array(1), options: Object, onEvent: Channel} @ :64
